<?xml version="1.0" encoding="UTF-8"?>
<!-- Generated by org.testng.reporters.JUnitReportReporter -->
<testsuite hostname="DESKTOP-PGTPOC0" failures="0" tests="1" name="org.example.testsuite.Hw_Day17_Bai1" time="10.037" errors="0" timestamp="2023-12-17T17:08:07 ICT" skipped="0">
  <testcase classname="org.example.testsuite.Hw_Day17_Bai1" name="test_IframeMap" time="10.037"/>
  <system-out/>
</testsuite> <!-- org.example.testsuite.Hw_Day17_Bai1 -->
